2024-06-29 04:45:09,882 CRIT Supervisor is running as root.  Privileges were not dropped because no user is specified in the config file.  If you intend to run as root, you can set user=root in the config file to avoid this message.
2024-06-29 04:45:09,893 INFO supervisord started with pid 1
2024-06-29 04:45:10,900 INFO spawned: 'laravel-queue' with pid 7
2024-06-29 04:45:10,903 INFO spawned: 'php-fpm' with pid 8
2024-06-29 04:45:11,948 INFO success: laravel-queue entered RUNNING state, process has stayed up for > than 1 seconds (startsecs)
2024-06-29 04:45:11,949 INFO success: php-fpm entered RUNNING state, process has stayed up for > than 1 seconds (startsecs)
2024-06-29 04:45:43,796 WARN received SIGQUIT indicating exit request
2024-06-29 04:45:43,798 INFO waiting for laravel-queue, php-fpm to die
2024-06-29 04:45:43,802 INFO stopped: php-fpm (exit status 0)
2024-06-29 04:45:43,804 WARN stopped: laravel-queue (terminated by SIGTERM)
2024-06-29 04:46:11,223 CRIT Supervisor is running as root.  Privileges were not dropped because no user is specified in the config file.  If you intend to run as root, you can set user=root in the config file to avoid this message.
2024-06-29 04:46:11,229 INFO supervisord started with pid 1
2024-06-29 04:46:12,235 INFO spawned: 'laravel-queue' with pid 7
2024-06-29 04:46:12,239 INFO spawned: 'php-fpm' with pid 8
2024-06-29 04:46:13,272 INFO success: laravel-queue entered RUNNING state, process has stayed up for > than 1 seconds (startsecs)
2024-06-29 04:46:13,273 INFO success: php-fpm entered RUNNING state, process has stayed up for > than 1 seconds (startsecs)
2024-06-29 04:51:29,564 WARN received SIGQUIT indicating exit request
2024-06-29 04:51:29,573 INFO waiting for laravel-queue, php-fpm to die
2024-06-29 04:51:30,635 INFO stopped: php-fpm (exit status 0)
2024-06-29 04:51:31,652 WARN stopped: laravel-queue (terminated by SIGTERM)
2024-06-29 04:52:15,322 CRIT Supervisor is running as root.  Privileges were not dropped because no user is specified in the config file.  If you intend to run as root, you can set user=root in the config file to avoid this message.
2024-06-29 04:52:15,344 INFO supervisord started with pid 1
2024-06-29 04:52:16,351 INFO spawned: 'laravel-queue' with pid 8
2024-06-29 04:52:16,355 INFO spawned: 'php-fpm' with pid 9
2024-06-29 04:52:17,418 INFO success: laravel-queue entered RUNNING state, process has stayed up for > than 1 seconds (startsecs)
2024-06-29 04:52:17,418 INFO success: php-fpm entered RUNNING state, process has stayed up for > than 1 seconds (startsecs)
2024-06-29 05:10:14,617 WARN received SIGQUIT indicating exit request
2024-06-29 05:10:14,618 INFO waiting for laravel-queue, php-fpm to die
2024-06-29 05:10:15,636 INFO stopped: php-fpm (exit status 0)
2024-06-29 05:10:16,645 WARN stopped: laravel-queue (terminated by SIGTERM)
2024-06-29 05:10:49,313 CRIT Supervisor is running as root.  Privileges were not dropped because no user is specified in the config file.  If you intend to run as root, you can set user=root in the config file to avoid this message.
2024-06-29 05:10:49,320 INFO supervisord started with pid 1
2024-06-29 05:10:50,324 INFO spawned: 'laravel-queue' with pid 7
2024-06-29 05:10:50,326 INFO spawned: 'php-fpm' with pid 8
2024-06-29 05:10:51,366 INFO success: laravel-queue entered RUNNING state, process has stayed up for > than 1 seconds (startsecs)
2024-06-29 05:10:51,367 INFO success: php-fpm entered RUNNING state, process has stayed up for > than 1 seconds (startsecs)
2024-06-29 05:36:01,181 WARN received SIGQUIT indicating exit request
2024-06-29 05:36:01,182 INFO waiting for laravel-queue, php-fpm to die
2024-06-29 05:36:01,186 INFO stopped: php-fpm (exit status 0)
2024-06-29 05:36:02,190 WARN stopped: laravel-queue (terminated by SIGTERM)
2024-06-29 06:04:15,555 CRIT Supervisor is running as root.  Privileges were not dropped because no user is specified in the config file.  If you intend to run as root, you can set user=root in the config file to avoid this message.
2024-06-29 06:04:15,588 INFO supervisord started with pid 1
2024-06-29 06:04:16,593 INFO spawned: 'laravel-queue' with pid 7
2024-06-29 06:04:16,597 INFO spawned: 'php-fpm' with pid 8
2024-06-29 06:04:17,685 INFO success: laravel-queue entered RUNNING state, process has stayed up for > than 1 seconds (startsecs)
2024-06-29 06:04:17,686 INFO success: php-fpm entered RUNNING state, process has stayed up for > than 1 seconds (startsecs)
2024-06-29 06:05:00,955 WARN received SIGQUIT indicating exit request
2024-06-29 06:05:00,955 INFO waiting for laravel-queue, php-fpm to die
2024-06-29 06:05:00,963 INFO stopped: php-fpm (exit status 0)
2024-06-29 06:05:01,967 WARN stopped: laravel-queue (terminated by SIGTERM)
2024-06-29 06:05:51,672 CRIT Supervisor is running as root.  Privileges were not dropped because no user is specified in the config file.  If you intend to run as root, you can set user=root in the config file to avoid this message.
2024-06-29 06:05:51,680 INFO supervisord started with pid 1
2024-06-29 06:05:52,685 INFO spawned: 'laravel-queue' with pid 7
2024-06-29 06:05:52,689 INFO spawned: 'php-fpm' with pid 8
2024-06-29 06:05:53,745 INFO success: laravel-queue entered RUNNING state, process has stayed up for > than 1 seconds (startsecs)
2024-06-29 06:05:53,745 INFO success: php-fpm entered RUNNING state, process has stayed up for > than 1 seconds (startsecs)
2024-06-29 06:06:09,811 WARN received SIGQUIT indicating exit request
2024-06-29 06:06:09,812 INFO waiting for laravel-queue, php-fpm to die
2024-06-29 06:06:09,816 INFO stopped: php-fpm (exit status 0)
2024-06-29 06:06:09,818 WARN stopped: laravel-queue (terminated by SIGTERM)
2024-06-29 06:13:03,178 CRIT Supervisor is running as root.  Privileges were not dropped because no user is specified in the config file.  If you intend to run as root, you can set user=root in the config file to avoid this message.
2024-06-29 06:13:03,187 INFO supervisord started with pid 1
2024-06-29 06:13:04,190 INFO spawned: 'laravel-queue' with pid 7
2024-06-29 06:13:04,193 INFO spawned: 'php-fpm' with pid 8
2024-06-29 06:13:05,228 INFO success: laravel-queue entered RUNNING state, process has stayed up for > than 1 seconds (startsecs)
2024-06-29 06:13:05,229 INFO success: php-fpm entered RUNNING state, process has stayed up for > than 1 seconds (startsecs)
